<?xml version="1.0" encoding="UTF-8"?>
<!-- Generated by org.testng.reporters.JUnitReportReporter -->
<testsuite hostname="DESKTOP-TMQPULF" failures="0" tests="3" name="com.flipcart.qa.testcases.SignInTest" time="26.331" errors="0" timestamp="2023-10-27T05:36:51 PDT" skipped="0">
  <testcase classname="com.flipcart.qa.testcases.SignInTest" name="registerWithMandatoryInputs" time="10.213"/>
  <testcase classname="com.flipcart.qa.testcases.SignInTest" name="registerWithallFeilds" time="8.945"/>
  <testcase classname="com.flipcart.qa.testcases.SignInTest" name="registerWithblankInputs" time="7.173"/>
</testsuite> <!-- com.flipcart.qa.testcases.SignInTest -->
