<?xml version="1.0" encoding="UTF-8"?>
<!-- Generated by org.testng.reporters.JUnitReportReporter -->
<testsuite hostname="DESKTOP-TMQPULF" failures="0" tests="1" name="com.flipcart.qa.testcases.RegisterTest" time="12.093" errors="0" timestamp="2023-10-27T05:21:07 PDT" skipped="0">
  <testcase classname="com.flipcart.qa.testcases.RegisterTest" name="RegisterWithMandatoryFeild" time="12.093"/>
</testsuite> <!-- com.flipcart.qa.testcases.RegisterTest -->
