<?xml version="1.0" encoding="UTF-8"?>
<!-- Generated by org.testng.reporters.JUnitReportReporter -->
<testsuite hostname="DESKTOP-TMQPULF" failures="0" tests="3" name="com.flipcart.qa.testcases.Register" time="26.587" errors="0" timestamp="2023-10-23T11:06:07 PDT" skipped="0">
  <testcase classname="com.flipcart.qa.testcases.Register" name="registerWithMandatoryInputs" time="11.992"/>
  <testcase classname="com.flipcart.qa.testcases.Register" name="registerWithallFeilds" time="8.703"/>
  <testcase classname="com.flipcart.qa.testcases.Register" name="registerWithblankInputs" time="5.892"/>
</testsuite> <!-- com.flipcart.qa.testcases.Register -->
